# mur		muf		alpsfact	dynamical_scale	pdf		cross-section
1.0		1.0		1.0		-1		292600		3.37051438425e-26
0.5		0.5		1.0		-1		292600		3.25986526738e-26
0.5		0.5		1.0		1		292600		3.20937389254e-26
0.5		0.5		1.0		2		292600		3.20973588805e-26
0.5		0.5		1.0		3		292600		3.05349594774e-26
0.5		0.5		1.0		4		292600		3.25986526739e-26
0.5		1.0		1.0		-1		292600		3.37051438425e-26
0.5		1.0		1.0		1		292600		3.3312852402e-26
0.5		1.0		1.0		2		292600		3.331564179e-26
0.5		1.0		1.0		3		292600		3.20973588805e-26
0.5		1.0		1.0		4		292600		3.37051438426e-26
0.5		2.0		1.0		-1		292600		3.45594566777e-26
0.5		2.0		1.0		1		292600		3.42573539549e-26
0.5		2.0		1.0		2		292600		3.42594821565e-26
0.5		2.0		1.0		3		292600		3.331564179e-26
0.5		2.0		1.0		4		292600		3.45594566778e-26
1.0		0.5		1.0		-1		292600		3.25986526738e-26
1.0		0.5		1.0		1		292600		3.20937389254e-26
1.0		0.5		1.0		2		292600		3.20973588805e-26
1.0		0.5		1.0		3		292600		3.05349594774e-26
1.0		0.5		1.0		4		292600		3.25986526739e-26
1.0		1.0		1.0		1		292600		3.3312852402e-26
1.0		1.0		1.0		2		292600		3.331564179e-26
1.0		1.0		1.0		3		292600		3.20973588805e-26
1.0		1.0		1.0		4		292600		3.37051438426e-26
1.0		2.0		1.0		-1		292600		3.45594566777e-26
1.0		2.0		1.0		1		292600		3.42573539549e-26
1.0		2.0		1.0		2		292600		3.42594821565e-26
1.0		2.0		1.0		3		292600		3.331564179e-26
1.0		2.0		1.0		4		292600		3.45594566778e-26
2.0		0.5		1.0		-1		292600		3.25986526738e-26
2.0		0.5		1.0		1		292600		3.20937389254e-26
2.0		0.5		1.0		2		292600		3.20973588805e-26
2.0		0.5		1.0		3		292600		3.05349594774e-26
2.0		0.5		1.0		4		292600		3.25986526739e-26
2.0		1.0		1.0		-1		292600		3.37051438425e-26
2.0		1.0		1.0		1		292600		3.3312852402e-26
2.0		1.0		1.0		2		292600		3.331564179e-26
2.0		1.0		1.0		3		292600		3.20973588805e-26
2.0		1.0		1.0		4		292600		3.37051438426e-26
2.0		2.0		1.0		-1		292600		3.45594566777e-26
2.0		2.0		1.0		1		292600		3.42573539549e-26
2.0		2.0		1.0		2		292600		3.42594821565e-26
2.0		2.0		1.0		3		292600		3.331564179e-26
2.0		2.0		1.0		4		292600		3.45594566778e-26
1.0		1.0		1.0		-1		292600		3.37051438425e-26
1.0		1.0		1.0		-1		292601		3.37990511871e-26
1.0		1.0		1.0		-1		292602		3.37437730851e-26
1.0		1.0		1.0		-1		292603		3.45658846878e-26
1.0		1.0		1.0		-1		292604		3.29992590759e-26
1.0		1.0		1.0		-1		292605		3.40854179471e-26
1.0		1.0		1.0		-1		292606		3.41365655508e-26
1.0		1.0		1.0		-1		292607		3.40941699482e-26
1.0		1.0		1.0		-1		292608		3.34548924095e-26
1.0		1.0		1.0		-1		292609		3.29563223509e-26
1.0		1.0		1.0		-1		292610		3.31190661331e-26
1.0		1.0		1.0		-1		292611		3.34322723175e-26
1.0		1.0		1.0		-1		292612		3.2531989664e-26
1.0		1.0		1.0		-1		292613		3.3705453625e-26
1.0		1.0		1.0		-1		292614		3.44731700515e-26
1.0		1.0		1.0		-1		292615		3.34057380308e-26
1.0		1.0		1.0		-1		292616		3.11633484486e-26
1.0		1.0		1.0		-1		292617		3.37315208595e-26
1.0		1.0		1.0		-1		292618		3.37863387563e-26
1.0		1.0		1.0		-1		292619		3.35678241256e-26
1.0		1.0		1.0		-1		292620		3.45235874343e-26
1.0		1.0		1.0		-1		292621		3.42202318643e-26
1.0		1.0		1.0		-1		292622		3.38087007591e-26
1.0		1.0		1.0		-1		292623		3.34458536635e-26
1.0		1.0		1.0		-1		292624		3.41744724952e-26
1.0		1.0		1.0		-1		292625		3.3841005219e-26
1.0		1.0		1.0		-1		292626		3.26086043648e-26
1.0		1.0		1.0		-1		292627		3.40816360178e-26
1.0		1.0		1.0		-1		292628		3.51556000918e-26
1.0		1.0		1.0		-1		292629		3.39973450879e-26
1.0		1.0		1.0		-1		292630		3.36880613657e-26
1.0		1.0		1.0		-1		292631		3.34555306173e-26
1.0		1.0		1.0		-1		292632		3.37183707094e-26
1.0		1.0		1.0		-1		292633		3.34646966164e-26
1.0		1.0		1.0		-1		292634		3.33598919269e-26
1.0		1.0		1.0		-1		292635		3.31270508358e-26
1.0		1.0		1.0		-1		292636		3.34518348406e-26
1.0		1.0		1.0		-1		292637		3.24594262302e-26
1.0		1.0		1.0		-1		292638		3.41449805569e-26
1.0		1.0		1.0		-1		292639		3.35644516261e-26
1.0		1.0		1.0		-1		292640		3.40981122357e-26
1.0		1.0		1.0		-1		292641		3.39725198001e-26
1.0		1.0		1.0		-1		292642		3.32103125009e-26
1.0		1.0		1.0		-1		292643		3.32495967995e-26
1.0		1.0		1.0		-1		292644		3.38741768978e-26
1.0		1.0		1.0		-1		292645		3.29998908138e-26
1.0		1.0		1.0		-1		292646		3.45026935981e-26
1.0		1.0		1.0		-1		292647		3.40975765975e-26
1.0		1.0		1.0		-1		292648		3.40330592405e-26
1.0		1.0		1.0		-1		292649		3.1151218418e-26
1.0		1.0		1.0		-1		292650		3.45297358677e-26
1.0		1.0		1.0		-1		292651		3.45867781126e-26
1.0		1.0		1.0		-1		292652		3.40581998919e-26
1.0		1.0		1.0		-1		292653		3.336070939e-26
1.0		1.0		1.0		-1		292654		3.38523141273e-26
1.0		1.0		1.0		-1		292655		3.37566083826e-26
1.0		1.0		1.0		-1		292656		3.43632027293e-26
1.0		1.0		1.0		-1		292657		3.30302757582e-26
1.0		1.0		1.0		-1		292658		3.28953880374e-26
1.0		1.0		1.0		-1		292659		3.36990828514e-26
1.0		1.0		1.0		-1		292660		3.40343615183e-26
1.0		1.0		1.0		-1		292661		3.31524599937e-26
1.0		1.0		1.0		-1		292662		3.2583488166e-26
1.0		1.0		1.0		-1		292663		3.39979707663e-26
1.0		1.0		1.0		-1		292664		3.4300514438e-26
1.0		1.0		1.0		-1		292665		3.37206644108e-26
1.0		1.0		1.0		-1		292666		3.37401569122e-26
1.0		1.0		1.0		-1		292667		3.43459393539e-26
1.0		1.0		1.0		-1		292668		3.3774528315e-26
1.0		1.0		1.0		-1		292669		3.38172507809e-26
1.0		1.0		1.0		-1		292670		3.3951614403e-26
1.0		1.0		1.0		-1		292671		3.37169592059e-26
1.0		1.0		1.0		-1		292672		3.41218945385e-26
1.0		1.0		1.0		-1		292673		3.34690230234e-26
1.0		1.0		1.0		-1		292674		3.37694092192e-26
1.0		1.0		1.0		-1		292675		3.35710387104e-26
1.0		1.0		1.0		-1		292676		3.30163799163e-26
1.0		1.0		1.0		-1		292677		3.40951806794e-26
1.0		1.0		1.0		-1		292678		3.4460369136e-26
1.0		1.0		1.0		-1		292679		3.41226094255e-26
1.0		1.0		1.0		-1		292680		3.34330449437e-26
1.0		1.0		1.0		-1		292681		3.38641523958e-26
1.0		1.0		1.0		-1		292682		3.3980028225e-26
1.0		1.0		1.0		-1		292683		3.34273403967e-26
1.0		1.0		1.0		-1		292684		3.40225005558e-26
1.0		1.0		1.0		-1		292685		3.35967256416e-26
1.0		1.0		1.0		-1		292686		3.36590030111e-26
1.0		1.0		1.0		-1		292687		3.45170992297e-26
1.0		1.0		1.0		-1		292688		3.39129741312e-26
1.0		1.0		1.0		-1		292689		3.33956741428e-26
1.0		1.0		1.0		-1		292690		3.33910981029e-26
1.0		1.0		1.0		-1		292691		3.40108609287e-26
1.0		1.0		1.0		-1		292692		3.35663385492e-26
1.0		1.0		1.0		-1		292693		3.3200279389e-26
1.0		1.0		1.0		-1		292694		3.50769884642e-26
1.0		1.0		1.0		-1		292695		3.36651953274e-26
1.0		1.0		1.0		-1		292696		3.3952858529e-26
1.0		1.0		1.0		-1		292697		3.4061630725e-26
1.0		1.0		1.0		-1		292698		3.4052842831e-26
1.0		1.0		1.0		-1		292699		3.36630133678e-26
1.0		1.0		1.0		-1		292700		3.43023577257e-26
1.0		1.0		1.0		-1		292701		3.35834125063e-26
1.0		1.0		1.0		-1		292702		3.38256199652e-26

#***************************************************************************
#
# original cross-section: 3.37051438425e-26
#     scale variation: +2.53% -3.28%
#     central scheme variation: +4.45e-10% -4.77%
# PDF variation: +1.89% -1.89%
#
# dynamical scheme # 1 : 3.33129e-26 +2.84% -3.66% # \sum ET
# dynamical scheme # 2 : 3.33156e-26 +2.83% -3.66% # \sum\sqrt{m^2+pt^2}
# dynamical scheme # 3 : 3.20974e-26 +3.8% -4.87% # 0.5 \sum\sqrt{m^2+pt^2}
# dynamical scheme # 4 : 3.37051e-26 +2.53% -3.28% # \sqrt{\hat s}
#***************************************************************************
