# mur		muf		alpsfact	dynamical_scale	pdf		cross-section
1.0		1.0		1.0		-1		292600		1.90912763563e-33
0.5		0.5		1.0		-1		292600		1.99166500116e-33
0.5		0.5		1.0		1		292600		2.02708516432e-33
0.5		0.5		1.0		2		292600		2.02705148725e-33
0.5		0.5		1.0		3		292600		2.11590565877e-33
0.5		0.5		1.0		4		292600		1.99166500117e-33
0.5		1.0		1.0		-1		292600		1.90912763563e-33
0.5		1.0		1.0		1		292600		1.94263903413e-33
0.5		1.0		1.0		2		292600		1.94260716402e-33
0.5		1.0		1.0		3		292600		2.02705148725e-33
0.5		1.0		1.0		4		292600		1.90912763564e-33
0.5		2.0		1.0		-1		292600		1.83139699453e-33
0.5		2.0		1.0		1		292600		1.86294241865e-33
0.5		2.0		1.0		2		292600		1.86291243942e-33
0.5		2.0		1.0		3		292600		1.94260716402e-33
0.5		2.0		1.0		4		292600		1.83139699454e-33
1.0		0.5		1.0		-1		292600		1.99166500116e-33
1.0		0.5		1.0		1		292600		2.02708516432e-33
1.0		0.5		1.0		2		292600		2.02705148725e-33
1.0		0.5		1.0		3		292600		2.11590565877e-33
1.0		0.5		1.0		4		292600		1.99166500117e-33
1.0		1.0		1.0		1		292600		1.94263903413e-33
1.0		1.0		1.0		2		292600		1.94260716402e-33
1.0		1.0		1.0		3		292600		2.02705148725e-33
1.0		1.0		1.0		4		292600		1.90912763564e-33
1.0		2.0		1.0		-1		292600		1.83139699453e-33
1.0		2.0		1.0		1		292600		1.86294241865e-33
1.0		2.0		1.0		2		292600		1.86291243942e-33
1.0		2.0		1.0		3		292600		1.94260716402e-33
1.0		2.0		1.0		4		292600		1.83139699454e-33
2.0		0.5		1.0		-1		292600		1.99166500116e-33
2.0		0.5		1.0		1		292600		2.02708516432e-33
2.0		0.5		1.0		2		292600		2.02705148725e-33
2.0		0.5		1.0		3		292600		2.11590565877e-33
2.0		0.5		1.0		4		292600		1.99166500117e-33
2.0		1.0		1.0		-1		292600		1.90912763563e-33
2.0		1.0		1.0		1		292600		1.94263903413e-33
2.0		1.0		1.0		2		292600		1.94260716402e-33
2.0		1.0		1.0		3		292600		2.02705148725e-33
2.0		1.0		1.0		4		292600		1.90912763564e-33
2.0		2.0		1.0		-1		292600		1.83139699453e-33
2.0		2.0		1.0		1		292600		1.86294241865e-33
2.0		2.0		1.0		2		292600		1.86291243942e-33
2.0		2.0		1.0		3		292600		1.94260716402e-33
2.0		2.0		1.0		4		292600		1.83139699454e-33
1.0		1.0		1.0		-1		292600		1.90912763563e-33
1.0		1.0		1.0		-1		292601		1.93101376968e-33
1.0		1.0		1.0		-1		292602		1.92261799844e-33
1.0		1.0		1.0		-1		292603		1.96040471968e-33
1.0		1.0		1.0		-1		292604		1.8537881126e-33
1.0		1.0		1.0		-1		292605		1.93959751656e-33
1.0		1.0		1.0		-1		292606		1.90222800926e-33
1.0		1.0		1.0		-1		292607		1.9482176072e-33
1.0		1.0		1.0		-1		292608		1.87298519744e-33
1.0		1.0		1.0		-1		292609		1.85301933437e-33
1.0		1.0		1.0		-1		292610		1.88544951543e-33
1.0		1.0		1.0		-1		292611		1.88791321274e-33
1.0		1.0		1.0		-1		292612		1.84308676843e-33
1.0		1.0		1.0		-1		292613		1.84563924742e-33
1.0		1.0		1.0		-1		292614		1.96060458318e-33
1.0		1.0		1.0		-1		292615		1.8363562376e-33
1.0		1.0		1.0		-1		292616		1.82464640208e-33
1.0		1.0		1.0		-1		292617		1.8929942572e-33
1.0		1.0		1.0		-1		292618		1.91333102218e-33
1.0		1.0		1.0		-1		292619		1.8840637866e-33
1.0		1.0		1.0		-1		292620		1.95361454722e-33
1.0		1.0		1.0		-1		292621		1.9453232327e-33
1.0		1.0		1.0		-1		292622		1.90031933166e-33
1.0		1.0		1.0		-1		292623		1.89931580134e-33
1.0		1.0		1.0		-1		292624		1.91293152691e-33
1.0		1.0		1.0		-1		292625		1.90784201836e-33
1.0		1.0		1.0		-1		292626		1.84741831197e-33
1.0		1.0		1.0		-1		292627		1.92000777683e-33
1.0		1.0		1.0		-1		292628		1.96079049115e-33
1.0		1.0		1.0		-1		292629		1.95079660749e-33
1.0		1.0		1.0		-1		292630		1.8808164301e-33
1.0		1.0		1.0		-1		292631		1.85947179241e-33
1.0		1.0		1.0		-1		292632		1.8883152476e-33
1.0		1.0		1.0		-1		292633		1.87113228843e-33
1.0		1.0		1.0		-1		292634		1.84957134144e-33
1.0		1.0		1.0		-1		292635		1.8781829695e-33
1.0		1.0		1.0		-1		292636		1.91257326602e-33
1.0		1.0		1.0		-1		292637		1.79263226224e-33
1.0		1.0		1.0		-1		292638		1.97574617729e-33
1.0		1.0		1.0		-1		292639		1.95328812798e-33
1.0		1.0		1.0		-1		292640		1.91330892955e-33
1.0		1.0		1.0		-1		292641		1.9176699825e-33
1.0		1.0		1.0		-1		292642		1.92775060816e-33
1.0		1.0		1.0		-1		292643		1.91806415818e-33
1.0		1.0		1.0		-1		292644		1.92117526773e-33
1.0		1.0		1.0		-1		292645		1.84077810664e-33
1.0		1.0		1.0		-1		292646		1.95494412126e-33
1.0		1.0		1.0		-1		292647		1.91884909513e-33
1.0		1.0		1.0		-1		292648		1.94526565013e-33
1.0		1.0		1.0		-1		292649		1.90645020907e-33
1.0		1.0		1.0		-1		292650		1.94492543665e-33
1.0		1.0		1.0		-1		292651		1.95161149746e-33
1.0		1.0		1.0		-1		292652		1.96416262361e-33
1.0		1.0		1.0		-1		292653		1.88206979506e-33
1.0		1.0		1.0		-1		292654		1.90647135125e-33
1.0		1.0		1.0		-1		292655		1.8980216316e-33
1.0		1.0		1.0		-1		292656		2.00130228821e-33
1.0		1.0		1.0		-1		292657		1.90630141645e-33
1.0		1.0		1.0		-1		292658		1.83791652419e-33
1.0		1.0		1.0		-1		292659		1.87185942045e-33
1.0		1.0		1.0		-1		292660		1.9360227606e-33
1.0		1.0		1.0		-1		292661		1.82124235569e-33
1.0		1.0		1.0		-1		292662		1.82109839104e-33
1.0		1.0		1.0		-1		292663		1.90670363829e-33
1.0		1.0		1.0		-1		292664		1.95195022135e-33
1.0		1.0		1.0		-1		292665		1.91291685131e-33
1.0		1.0		1.0		-1		292666		1.90904896829e-33
1.0		1.0		1.0		-1		292667		1.96842043842e-33
1.0		1.0		1.0		-1		292668		1.90029179388e-33
1.0		1.0		1.0		-1		292669		1.90056811811e-33
1.0		1.0		1.0		-1		292670		1.9331936305e-33
1.0		1.0		1.0		-1		292671		1.91250406238e-33
1.0		1.0		1.0		-1		292672		1.9604520236e-33
1.0		1.0		1.0		-1		292673		1.88641894697e-33
1.0		1.0		1.0		-1		292674		1.93169734526e-33
1.0		1.0		1.0		-1		292675		1.88448473069e-33
1.0		1.0		1.0		-1		292676		1.84475994544e-33
1.0		1.0		1.0		-1		292677		1.91248276459e-33
1.0		1.0		1.0		-1		292678		1.96663505511e-33
1.0		1.0		1.0		-1		292679		1.98632693575e-33
1.0		1.0		1.0		-1		292680		1.90413020118e-33
1.0		1.0		1.0		-1		292681		1.93557387717e-33
1.0		1.0		1.0		-1		292682		1.90287973398e-33
1.0		1.0		1.0		-1		292683		1.87829836983e-33
1.0		1.0		1.0		-1		292684		1.94740010831e-33
1.0		1.0		1.0		-1		292685		1.94317217527e-33
1.0		1.0		1.0		-1		292686		1.92450307073e-33
1.0		1.0		1.0		-1		292687		1.98551924981e-33
1.0		1.0		1.0		-1		292688		1.9134257853e-33
1.0		1.0		1.0		-1		292689		1.90015915507e-33
1.0		1.0		1.0		-1		292690		1.85581776765e-33
1.0		1.0		1.0		-1		292691		1.94737316232e-33
1.0		1.0		1.0		-1		292692		1.89389977073e-33
1.0		1.0		1.0		-1		292693		1.87129769433e-33
1.0		1.0		1.0		-1		292694		1.93343776142e-33
1.0		1.0		1.0		-1		292695		1.94096067263e-33
1.0		1.0		1.0		-1		292696		1.94166016517e-33
1.0		1.0		1.0		-1		292697		1.90324124437e-33
1.0		1.0		1.0		-1		292698		1.89399828467e-33
1.0		1.0		1.0		-1		292699		1.96069253544e-33
1.0		1.0		1.0		-1		292700		1.95356063481e-33
1.0		1.0		1.0		-1		292701		1.90070469092e-33
1.0		1.0		1.0		-1		292702		1.91390158332e-33

#***************************************************************************
#
# original cross-section: 1.90912763563e-33
#     scale variation: +4.32% -4.07%
#     central scheme variation: +6.18% - 0%
# PDF variation: +2.23% -2.23%
#
# dynamical scheme # 1 : 1.94264e-33 +4.35% -4.1% # \sum ET
# dynamical scheme # 2 : 1.94261e-33 +4.35% -4.1% # \sum\sqrt{m^2+pt^2}
# dynamical scheme # 3 : 2.02705e-33 +4.38% -4.17% # 0.5 \sum\sqrt{m^2+pt^2}
# dynamical scheme # 4 : 1.90913e-33 +4.32% -4.07% # \sqrt{\hat s}
#***************************************************************************
