# mur		muf		alpsfact	dynamical_scale	pdf		cross-section
1.0		1.0		1.0		-1		292600		8.42333432598e-34
0.5		0.5		1.0		-1		292600		8.7865280927e-34
0.5		0.5		1.0		1		292600		8.93619555913e-34
0.5		0.5		1.0		2		292600		8.93604948363e-34
0.5		0.5		1.0		3		292600		9.32657892774e-34
0.5		0.5		1.0		4		292600		8.78652809267e-34
0.5		1.0		1.0		-1		292600		8.42333432598e-34
0.5		1.0		1.0		1		292600		8.56499309555e-34
0.5		1.0		1.0		2		292600		8.56485485851e-34
0.5		1.0		1.0		3		292600		8.93604948363e-34
0.5		1.0		1.0		4		292600		8.42333432596e-34
0.5		2.0		1.0		-1		292600		8.08119904687e-34
0.5		2.0		1.0		1		292600		8.21460898733e-34
0.5		2.0		1.0		2		292600		8.21447891026e-34
0.5		2.0		1.0		3		292600		8.56485485851e-34
0.5		2.0		1.0		4		292600		8.08119904686e-34
1.0		0.5		1.0		-1		292600		8.7865280927e-34
1.0		0.5		1.0		1		292600		8.93619555913e-34
1.0		0.5		1.0		2		292600		8.93604948363e-34
1.0		0.5		1.0		3		292600		9.32657892774e-34
1.0		0.5		1.0		4		292600		8.78652809267e-34
1.0		1.0		1.0		1		292600		8.56499309555e-34
1.0		1.0		1.0		2		292600		8.56485485851e-34
1.0		1.0		1.0		3		292600		8.93604948363e-34
1.0		1.0		1.0		4		292600		8.42333432596e-34
1.0		2.0		1.0		-1		292600		8.08119904687e-34
1.0		2.0		1.0		1		292600		8.21460898733e-34
1.0		2.0		1.0		2		292600		8.21447891026e-34
1.0		2.0		1.0		3		292600		8.56485485851e-34
1.0		2.0		1.0		4		292600		8.08119904686e-34
2.0		0.5		1.0		-1		292600		8.7865280927e-34
2.0		0.5		1.0		1		292600		8.93619555913e-34
2.0		0.5		1.0		2		292600		8.93604948363e-34
2.0		0.5		1.0		3		292600		9.32657892774e-34
2.0		0.5		1.0		4		292600		8.78652809267e-34
2.0		1.0		1.0		-1		292600		8.42333432598e-34
2.0		1.0		1.0		1		292600		8.56499309555e-34
2.0		1.0		1.0		2		292600		8.56485485851e-34
2.0		1.0		1.0		3		292600		8.93604948363e-34
2.0		1.0		1.0		4		292600		8.42333432596e-34
2.0		2.0		1.0		-1		292600		8.08119904687e-34
2.0		2.0		1.0		1		292600		8.21460898733e-34
2.0		2.0		1.0		2		292600		8.21447891026e-34
2.0		2.0		1.0		3		292600		8.56485485851e-34
2.0		2.0		1.0		4		292600		8.08119904686e-34
1.0		1.0		1.0		-1		292600		8.42333432598e-34
1.0		1.0		1.0		-1		292601		8.50972789334e-34
1.0		1.0		1.0		-1		292602		8.47273721713e-34
1.0		1.0		1.0		-1		292603		8.66050133664e-34
1.0		1.0		1.0		-1		292604		8.16320932154e-34
1.0		1.0		1.0		-1		292605		8.57185995593e-34
1.0		1.0		1.0		-1		292606		8.39857877672e-34
1.0		1.0		1.0		-1		292607		8.59170736627e-34
1.0		1.0		1.0		-1		292608		8.24821272482e-34
1.0		1.0		1.0		-1		292609		8.18498587689e-34
1.0		1.0		1.0		-1		292610		8.32427743482e-34
1.0		1.0		1.0		-1		292611		8.34375427599e-34
1.0		1.0		1.0		-1		292612		8.1298932399e-34
1.0		1.0		1.0		-1		292613		8.14850571168e-34
1.0		1.0		1.0		-1		292614		8.65272139104e-34
1.0		1.0		1.0		-1		292615		8.09130295307e-34
1.0		1.0		1.0		-1		292616		8.06690543084e-34
1.0		1.0		1.0		-1		292617		8.34024157629e-34
1.0		1.0		1.0		-1		292618		8.44408109813e-34
1.0		1.0		1.0		-1		292619		8.29154881624e-34
1.0		1.0		1.0		-1		292620		8.61370724385e-34
1.0		1.0		1.0		-1		292621		8.5886659074e-34
1.0		1.0		1.0		-1		292622		8.37407494418e-34
1.0		1.0		1.0		-1		292623		8.38720770614e-34
1.0		1.0		1.0		-1		292624		8.43480603548e-34
1.0		1.0		1.0		-1		292625		8.41722368639e-34
1.0		1.0		1.0		-1		292626		8.1483351852e-34
1.0		1.0		1.0		-1		292627		8.47895452351e-34
1.0		1.0		1.0		-1		292628		8.65606295667e-34
1.0		1.0		1.0		-1		292629		8.59494766272e-34
1.0		1.0		1.0		-1		292630		8.29633994161e-34
1.0		1.0		1.0		-1		292631		8.19587470307e-34
1.0		1.0		1.0		-1		292632		8.33778359556e-34
1.0		1.0		1.0		-1		292633		8.26318521786e-34
1.0		1.0		1.0		-1		292634		8.15181123631e-34
1.0		1.0		1.0		-1		292635		8.28666000335e-34
1.0		1.0		1.0		-1		292636		8.43343955623e-34
1.0		1.0		1.0		-1		292637		7.91346687651e-34
1.0		1.0		1.0		-1		292638		8.72356298066e-34
1.0		1.0		1.0		-1		292639		8.63202548693e-34
1.0		1.0		1.0		-1		292640		8.44122257664e-34
1.0		1.0		1.0		-1		292641		8.47291893558e-34
1.0		1.0		1.0		-1		292642		8.51562569613e-34
1.0		1.0		1.0		-1		292643		8.46226167084e-34
1.0		1.0		1.0		-1		292644		8.46700922574e-34
1.0		1.0		1.0		-1		292645		8.11900434039e-34
1.0		1.0		1.0		-1		292646		8.63725808759e-34
1.0		1.0		1.0		-1		292647		8.46239737651e-34
1.0		1.0		1.0		-1		292648		8.58638191974e-34
1.0		1.0		1.0		-1		292649		8.40245566713e-34
1.0		1.0		1.0		-1		292650		8.57387583131e-34
1.0		1.0		1.0		-1		292651		8.61048645978e-34
1.0		1.0		1.0		-1		292652		8.65644995067e-34
1.0		1.0		1.0		-1		292653		8.32378057434e-34
1.0		1.0		1.0		-1		292654		8.40961033795e-34
1.0		1.0		1.0		-1		292655		8.35207571085e-34
1.0		1.0		1.0		-1		292656		8.80853410402e-34
1.0		1.0		1.0		-1		292657		8.41185247112e-34
1.0		1.0		1.0		-1		292658		8.11832949355e-34
1.0		1.0		1.0		-1		292659		8.26103958227e-34
1.0		1.0		1.0		-1		292660		8.53768022207e-34
1.0		1.0		1.0		-1		292661		8.01618882053e-34
1.0		1.0		1.0		-1		292662		8.05106542152e-34
1.0		1.0		1.0		-1		292663		8.40346906698e-34
1.0		1.0		1.0		-1		292664		8.62109818815e-34
1.0		1.0		1.0		-1		292665		8.42817529415e-34
1.0		1.0		1.0		-1		292666		8.43988299737e-34
1.0		1.0		1.0		-1		292667		8.69236945897e-34
1.0		1.0		1.0		-1		292668		8.37888485751e-34
1.0		1.0		1.0		-1		292669		8.39908577789e-34
1.0		1.0		1.0		-1		292670		8.53296574388e-34
1.0		1.0		1.0		-1		292671		8.41430470377e-34
1.0		1.0		1.0		-1		292672		8.6353471772e-34
1.0		1.0		1.0		-1		292673		8.32986068337e-34
1.0		1.0		1.0		-1		292674		8.51913914527e-34
1.0		1.0		1.0		-1		292675		8.31962212599e-34
1.0		1.0		1.0		-1		292676		8.14459876395e-34
1.0		1.0		1.0		-1		292677		8.40713212801e-34
1.0		1.0		1.0		-1		292678		8.67783490171e-34
1.0		1.0		1.0		-1		292679		8.75462217903e-34
1.0		1.0		1.0		-1		292680		8.41546566646e-34
1.0		1.0		1.0		-1		292681		8.54323950814e-34
1.0		1.0		1.0		-1		292682		8.39559928984e-34
1.0		1.0		1.0		-1		292683		8.30360095537e-34
1.0		1.0		1.0		-1		292684		8.59709766937e-34
1.0		1.0		1.0		-1		292685		8.58113583083e-34
1.0		1.0		1.0		-1		292686		8.50049828646e-34
1.0		1.0		1.0		-1		292687		8.76698671791e-34
1.0		1.0		1.0		-1		292688		8.44139967218e-34
1.0		1.0		1.0		-1		292689		8.39406942798e-34
1.0		1.0		1.0		-1		292690		8.18729505842e-34
1.0		1.0		1.0		-1		292691		8.60793821625e-34
1.0		1.0		1.0		-1		292692		8.36368695725e-34
1.0		1.0		1.0		-1		292693		8.27461558279e-34
1.0		1.0		1.0		-1		292694		8.52143453062e-34
1.0		1.0		1.0		-1		292695		8.54499190118e-34
1.0		1.0		1.0		-1		292696		8.56620070745e-34
1.0		1.0		1.0		-1		292697		8.40840070968e-34
1.0		1.0		1.0		-1		292698		8.35089929733e-34
1.0		1.0		1.0		-1		292699		8.65002163657e-34
1.0		1.0		1.0		-1		292700		8.61657262597e-34
1.0		1.0		1.0		-1		292701		8.3841768262e-34
1.0		1.0		1.0		-1		292702		8.44446418915e-34

#***************************************************************************
#
# original cross-section: 8.42333432598e-34
#     scale variation: +4.31% -4.06%
#     central scheme variation: +6.09% -2.97e-10%
# PDF variation: +2.23% -2.23%
#
# dynamical scheme # 1 : 8.56499e-34 +4.33% -4.09% # \sum ET
# dynamical scheme # 2 : 8.56485e-34 +4.33% -4.09% # \sum\sqrt{m^2+pt^2}
# dynamical scheme # 3 : 8.93605e-34 +4.37% -4.15% # 0.5 \sum\sqrt{m^2+pt^2}
# dynamical scheme # 4 : 8.42333e-34 +4.31% -4.06% # \sqrt{\hat s}
#***************************************************************************
