# mur		muf		alpsfact	dynamical_scale	pdf		cross-section
1.0		1.0		1.0		-1		292600		9.14661189081e-33
0.5		0.5		1.0		-1		292600		9.54169728559e-33
0.5		0.5		1.0		1		292600		9.70594562603e-33
0.5		0.5		1.0		2		292600		9.70578627185e-33
0.5		0.5		1.0		3		292600		1.01309628564e-32
0.5		0.5		1.0		4		292600		9.54169728565e-33
0.5		1.0		1.0		-1		292600		9.14661189081e-33
0.5		1.0		1.0		1		292600		9.30202024169e-33
0.5		1.0		1.0		2		292600		9.30186942136e-33
0.5		1.0		1.0		3		292600		9.70578627185e-33
0.5		1.0		1.0		4		292600		9.14661189086e-33
0.5		2.0		1.0		-1		292600		8.77458734205e-33
0.5		2.0		1.0		1		292600		8.92090324104e-33
0.5		2.0		1.0		2		292600		8.92076132702e-33
0.5		2.0		1.0		3		292600		9.30186942136e-33
0.5		2.0		1.0		4		292600		8.7745873421e-33
1.0		0.5		1.0		-1		292600		9.54169728559e-33
1.0		0.5		1.0		1		292600		9.70594562603e-33
1.0		0.5		1.0		2		292600		9.70578627185e-33
1.0		0.5		1.0		3		292600		1.01309628564e-32
1.0		0.5		1.0		4		292600		9.54169728565e-33
1.0		1.0		1.0		1		292600		9.30202024169e-33
1.0		1.0		1.0		2		292600		9.30186942136e-33
1.0		1.0		1.0		3		292600		9.70578627185e-33
1.0		1.0		1.0		4		292600		9.14661189086e-33
1.0		2.0		1.0		-1		292600		8.77458734205e-33
1.0		2.0		1.0		1		292600		8.92090324104e-33
1.0		2.0		1.0		2		292600		8.92076132702e-33
1.0		2.0		1.0		3		292600		9.30186942136e-33
1.0		2.0		1.0		4		292600		8.7745873421e-33
2.0		0.5		1.0		-1		292600		9.54169728559e-33
2.0		0.5		1.0		1		292600		9.70594562603e-33
2.0		0.5		1.0		2		292600		9.70578627185e-33
2.0		0.5		1.0		3		292600		1.01309628564e-32
2.0		0.5		1.0		4		292600		9.54169728565e-33
2.0		1.0		1.0		-1		292600		9.14661189081e-33
2.0		1.0		1.0		1		292600		9.30202024169e-33
2.0		1.0		1.0		2		292600		9.30186942136e-33
2.0		1.0		1.0		3		292600		9.70578627185e-33
2.0		1.0		1.0		4		292600		9.14661189086e-33
2.0		2.0		1.0		-1		292600		8.77458734205e-33
2.0		2.0		1.0		1		292600		8.92090324104e-33
2.0		2.0		1.0		2		292600		8.92076132702e-33
2.0		2.0		1.0		3		292600		9.30186942136e-33
2.0		2.0		1.0		4		292600		8.7745873421e-33
1.0		1.0		1.0		-1		292600		9.14661189081e-33
1.0		1.0		1.0		-1		292601		9.25715509088e-33
1.0		1.0		1.0		-1		292602		9.19949289699e-33
1.0		1.0		1.0		-1		292603		9.3851581086e-33
1.0		1.0		1.0		-1		292604		8.87126377145e-33
1.0		1.0		1.0		-1		292605		9.2945519098e-33
1.0		1.0		1.0		-1		292606		9.13065742772e-33
1.0		1.0		1.0		-1		292607		9.34072395909e-33
1.0		1.0		1.0		-1		292608		8.95427453561e-33
1.0		1.0		1.0		-1		292609		8.88158233533e-33
1.0		1.0		1.0		-1		292610		9.04037340298e-33
1.0		1.0		1.0		-1		292611		9.05246768457e-33
1.0		1.0		1.0		-1		292612		8.84077389431e-33
1.0		1.0		1.0		-1		292613		8.85283277113e-33
1.0		1.0		1.0		-1		292614		9.40467811878e-33
1.0		1.0		1.0		-1		292615		8.80141285155e-33
1.0		1.0		1.0		-1		292616		8.73692660129e-33
1.0		1.0		1.0		-1		292617		9.06302860056e-33
1.0		1.0		1.0		-1		292618		9.14553215164e-33
1.0		1.0		1.0		-1		292619		9.01426840117e-33
1.0		1.0		1.0		-1		292620		9.35979936719e-33
1.0		1.0		1.0		-1		292621		9.31427266942e-33
1.0		1.0		1.0		-1		292622		9.11085190458e-33
1.0		1.0		1.0		-1		292623		9.10169953032e-33
1.0		1.0		1.0		-1		292624		9.18697600139e-33
1.0		1.0		1.0		-1		292625		9.14083895302e-33
1.0		1.0		1.0		-1		292626		8.84275906412e-33
1.0		1.0		1.0		-1		292627		9.20498270093e-33
1.0		1.0		1.0		-1		292628		9.40512360111e-33
1.0		1.0		1.0		-1		292629		9.3463793872e-33
1.0		1.0		1.0		-1		292630		9.02830606656e-33
1.0		1.0		1.0		-1		292631		8.89992950673e-33
1.0		1.0		1.0		-1		292632		9.04976292982e-33
1.0		1.0		1.0		-1		292633		8.97064635509e-33
1.0		1.0		1.0		-1		292634		8.87081519281e-33
1.0		1.0		1.0		-1		292635		8.98919303406e-33
1.0		1.0		1.0		-1		292636		9.14706115953e-33
1.0		1.0		1.0		-1		292637		8.55974463586e-33
1.0		1.0		1.0		-1		292638		9.46042682656e-33
1.0		1.0		1.0		-1		292639		9.36496858549e-33
1.0		1.0		1.0		-1		292640		9.17445355064e-33
1.0		1.0		1.0		-1		292641		9.19101850082e-33
1.0		1.0		1.0		-1		292642		9.24299684026e-33
1.0		1.0		1.0		-1		292643		9.17911641234e-33
1.0		1.0		1.0		-1		292644		9.21136791442e-33
1.0		1.0		1.0		-1		292645		8.80855138766e-33
1.0		1.0		1.0		-1		292646		9.38037231621e-33
1.0		1.0		1.0		-1		292647		9.20083154724e-33
1.0		1.0		1.0		-1		292648		9.30984384533e-33
1.0		1.0		1.0		-1		292649		9.13299458055e-33
1.0		1.0		1.0		-1		292650		9.3206981311e-33
1.0		1.0		1.0		-1		292651		9.34357652156e-33
1.0		1.0		1.0		-1		292652		9.41060894248e-33
1.0		1.0		1.0		-1		292653		9.02179560893e-33
1.0		1.0		1.0		-1		292654		9.15059785263e-33
1.0		1.0		1.0		-1		292655		9.09704524376e-33
1.0		1.0		1.0		-1		292656		9.57499135935e-33
1.0		1.0		1.0		-1		292657		9.13167802117e-33
1.0		1.0		1.0		-1		292658		8.82481245794e-33
1.0		1.0		1.0		-1		292659		8.96896872128e-33
1.0		1.0		1.0		-1		292660		9.27445821541e-33
1.0		1.0		1.0		-1		292661		8.68976946181e-33
1.0		1.0		1.0		-1		292662		8.71054602457e-33
1.0		1.0		1.0		-1		292663		9.13133461201e-33
1.0		1.0		1.0		-1		292664		9.36078575802e-33
1.0		1.0		1.0		-1		292665		9.16725303741e-33
1.0		1.0		1.0		-1		292666		9.14166532611e-33
1.0		1.0		1.0		-1		292667		9.43949011693e-33
1.0		1.0		1.0		-1		292668		9.09737359577e-33
1.0		1.0		1.0		-1		292669		9.10483476104e-33
1.0		1.0		1.0		-1		292670		9.26784389754e-33
1.0		1.0		1.0		-1		292671		9.13927047382e-33
1.0		1.0		1.0		-1		292672		9.39473884305e-33
1.0		1.0		1.0		-1		292673		9.04089042851e-33
1.0		1.0		1.0		-1		292674		9.25415178681e-33
1.0		1.0		1.0		-1		292675		9.02294078954e-33
1.0		1.0		1.0		-1		292676		8.83032212902e-33
1.0		1.0		1.0		-1		292677		9.15142317529e-33
1.0		1.0		1.0		-1		292678		9.45862293595e-33
1.0		1.0		1.0		-1		292679		9.52457187995e-33
1.0		1.0		1.0		-1		292680		9.13589564257e-33
1.0		1.0		1.0		-1		292681		9.27170857446e-33
1.0		1.0		1.0		-1		292682		9.12615788838e-33
1.0		1.0		1.0		-1		292683		8.99713702213e-33
1.0		1.0		1.0		-1		292684		9.33577726963e-33
1.0		1.0		1.0		-1		292685		9.30057645746e-33
1.0		1.0		1.0		-1		292686		9.22614671721e-33
1.0		1.0		1.0		-1		292687		9.52266830327e-33
1.0		1.0		1.0		-1		292688		9.18018455096e-33
1.0		1.0		1.0		-1		292689		9.09166967856e-33
1.0		1.0		1.0		-1		292690		8.84882006356e-33
1.0		1.0		1.0		-1		292691		9.34938226757e-33
1.0		1.0		1.0		-1		292692		9.07401745256e-33
1.0		1.0		1.0		-1		292693		8.95937940668e-33
1.0		1.0		1.0		-1		292694		9.25305094046e-33
1.0		1.0		1.0		-1		292695		9.2914808775e-33
1.0		1.0		1.0		-1		292696		9.30607211967e-33
1.0		1.0		1.0		-1		292697		9.11648697756e-33
1.0		1.0		1.0		-1		292698		9.07782554814e-33
1.0		1.0		1.0		-1		292699		9.39661766645e-33
1.0		1.0		1.0		-1		292700		9.35898107039e-33
1.0		1.0		1.0		-1		292701		9.10520638971e-33
1.0		1.0		1.0		-1		292702		9.16658765386e-33

#***************************************************************************
#
# original cross-section: 9.14661189081e-33
#     scale variation: +4.32% -4.07%
#     central scheme variation: +6.11% - 0%
# PDF variation: +2.27% -2.27%
#
# dynamical scheme # 1 : 9.30202e-33 +4.34% -4.1% # \sum ET
# dynamical scheme # 2 : 9.30187e-33 +4.34% -4.1% # \sum\sqrt{m^2+pt^2}
# dynamical scheme # 3 : 9.70579e-33 +4.38% -4.16% # 0.5 \sum\sqrt{m^2+pt^2}
# dynamical scheme # 4 : 9.14661e-33 +4.32% -4.07% # \sqrt{\hat s}
#***************************************************************************
