# mur		muf		alpsfact	dynamical_scale	pdf		cross-section
1.0		1.0		1.0		-1		292600		1.47303463123e-30
0.5		0.5		1.0		-1		292600		1.53678288358e-30
0.5		0.5		1.0		1		292600		1.56288862652e-30
0.5		0.5		1.0		2		292600		1.56287234232e-30
0.5		0.5		1.0		3		292600		1.63147650142e-30
0.5		0.5		1.0		4		292600		1.53678288359e-30
0.5		1.0		1.0		-1		292600		1.47303463123e-30
0.5		1.0		1.0		1		292600		1.49772201348e-30
0.5		1.0		1.0		2		292600		1.49770661211e-30
0.5		1.0		1.0		3		292600		1.56287234232e-30
0.5		1.0		1.0		4		292600		1.47303463125e-30
0.5		2.0		1.0		-1		292600		1.41300767015e-30
0.5		2.0		1.0		1		292600		1.4362409962e-30
0.5		2.0		1.0		2		292600		1.43622651148e-30
0.5		2.0		1.0		3		292600		1.49770661211e-30
0.5		2.0		1.0		4		292600		1.41300767016e-30
1.0		0.5		1.0		-1		292600		1.53678288358e-30
1.0		0.5		1.0		1		292600		1.56288862652e-30
1.0		0.5		1.0		2		292600		1.56287234232e-30
1.0		0.5		1.0		3		292600		1.63147650142e-30
1.0		0.5		1.0		4		292600		1.53678288359e-30
1.0		1.0		1.0		1		292600		1.49772201348e-30
1.0		1.0		1.0		2		292600		1.49770661211e-30
1.0		1.0		1.0		3		292600		1.56287234232e-30
1.0		1.0		1.0		4		292600		1.47303463125e-30
1.0		2.0		1.0		-1		292600		1.41300767015e-30
1.0		2.0		1.0		1		292600		1.4362409962e-30
1.0		2.0		1.0		2		292600		1.43622651148e-30
1.0		2.0		1.0		3		292600		1.49770661211e-30
1.0		2.0		1.0		4		292600		1.41300767016e-30
2.0		0.5		1.0		-1		292600		1.53678288358e-30
2.0		0.5		1.0		1		292600		1.56288862652e-30
2.0		0.5		1.0		2		292600		1.56287234232e-30
2.0		0.5		1.0		3		292600		1.63147650142e-30
2.0		0.5		1.0		4		292600		1.53678288359e-30
2.0		1.0		1.0		-1		292600		1.47303463123e-30
2.0		1.0		1.0		1		292600		1.49772201348e-30
2.0		1.0		1.0		2		292600		1.49770661211e-30
2.0		1.0		1.0		3		292600		1.56287234232e-30
2.0		1.0		1.0		4		292600		1.47303463125e-30
2.0		2.0		1.0		-1		292600		1.41300767015e-30
2.0		2.0		1.0		1		292600		1.4362409962e-30
2.0		2.0		1.0		2		292600		1.43622651148e-30
2.0		2.0		1.0		3		292600		1.49770661211e-30
2.0		2.0		1.0		4		292600		1.41300767016e-30
1.0		1.0		1.0		-1		292600		1.47303463123e-30
1.0		1.0		1.0		-1		292601		1.48817977665e-30
1.0		1.0		1.0		-1		292602		1.47998474947e-30
1.0		1.0		1.0		-1		292603		1.51174790548e-30
1.0		1.0		1.0		-1		292604		1.43183852939e-30
1.0		1.0		1.0		-1		292605		1.49782515259e-30
1.0		1.0		1.0		-1		292606		1.46947541872e-30
1.0		1.0		1.0		-1		292607		1.50386403168e-30
1.0		1.0		1.0		-1		292608		1.44275915788e-30
1.0		1.0		1.0		-1		292609		1.42833602387e-30
1.0		1.0		1.0		-1		292610		1.45262716927e-30
1.0		1.0		1.0		-1		292611		1.45717076718e-30
1.0		1.0		1.0		-1		292612		1.42314094889e-30
1.0		1.0		1.0		-1		292613		1.42903993279e-30
1.0		1.0		1.0		-1		292614		1.51313373531e-30
1.0		1.0		1.0		-1		292615		1.41954279101e-30
1.0		1.0		1.0		-1		292616		1.40810142347e-30
1.0		1.0		1.0		-1		292617		1.45828342071e-30
1.0		1.0		1.0		-1		292618		1.47811413683e-30
1.0		1.0		1.0		-1		292619		1.45562484528e-30
1.0		1.0		1.0		-1		292620		1.50914617787e-30
1.0		1.0		1.0		-1		292621		1.50061080764e-30
1.0		1.0		1.0		-1		292622		1.46661797473e-30
1.0		1.0		1.0		-1		292623		1.46422321227e-30
1.0		1.0		1.0		-1		292624		1.47659611164e-30
1.0		1.0		1.0		-1		292625		1.47011437569e-30
1.0		1.0		1.0		-1		292626		1.42243341473e-30
1.0		1.0		1.0		-1		292627		1.48241201896e-30
1.0		1.0		1.0		-1		292628		1.51334517079e-30
1.0		1.0		1.0		-1		292629		1.50017563074e-30
1.0		1.0		1.0		-1		292630		1.45570357118e-30
1.0		1.0		1.0		-1		292631		1.4384230482e-30
1.0		1.0		1.0		-1		292632		1.4581745998e-30
1.0		1.0		1.0		-1		292633		1.44702880867e-30
1.0		1.0		1.0		-1		292634		1.42729669412e-30
1.0		1.0		1.0		-1		292635		1.44855365436e-30
1.0		1.0		1.0		-1		292636		1.47584519795e-30
1.0		1.0		1.0		-1		292637		1.38187073902e-30
1.0		1.0		1.0		-1		292638		1.52476934937e-30
1.0		1.0		1.0		-1		292639		1.50884590539e-30
1.0		1.0		1.0		-1		292640		1.47705215606e-30
1.0		1.0		1.0		-1		292641		1.4810860834e-30
1.0		1.0		1.0		-1		292642		1.48993585453e-30
1.0		1.0		1.0		-1		292643		1.47566712384e-30
1.0		1.0		1.0		-1		292644		1.4812733895e-30
1.0		1.0		1.0		-1		292645		1.41595069755e-30
1.0		1.0		1.0		-1		292646		1.50743783224e-30
1.0		1.0		1.0		-1		292647		1.4795534755e-30
1.0		1.0		1.0		-1		292648		1.50134138077e-30
1.0		1.0		1.0		-1		292649		1.4682633042e-30
1.0		1.0		1.0		-1		292650		1.49933048849e-30
1.0		1.0		1.0		-1		292651		1.50519511352e-30
1.0		1.0		1.0		-1		292652		1.51326332759e-30
1.0		1.0		1.0		-1		292653		1.45028602109e-30
1.0		1.0		1.0		-1		292654		1.47353226915e-30
1.0		1.0		1.0		-1		292655		1.46649927834e-30
1.0		1.0		1.0		-1		292656		1.54352607515e-30
1.0		1.0		1.0		-1		292657		1.47542629916e-30
1.0		1.0		1.0		-1		292658		1.42148214318e-30
1.0		1.0		1.0		-1		292659		1.44786244433e-30
1.0		1.0		1.0		-1		292660		1.49595393865e-30
1.0		1.0		1.0		-1		292661		1.39948923571e-30
1.0		1.0		1.0		-1		292662		1.40503472167e-30
1.0		1.0		1.0		-1		292663		1.46983978514e-30
1.0		1.0		1.0		-1		292664		1.50758991022e-30
1.0		1.0		1.0		-1		292665		1.47485381692e-30
1.0		1.0		1.0		-1		292666		1.47350592639e-30
1.0		1.0		1.0		-1		292667		1.52097103635e-30
1.0		1.0		1.0		-1		292668		1.46376645045e-30
1.0		1.0		1.0		-1		292669		1.46857162854e-30
1.0		1.0		1.0		-1		292670		1.4932092604e-30
1.0		1.0		1.0		-1		292671		1.47054409238e-30
1.0		1.0		1.0		-1		292672		1.51319717421e-30
1.0		1.0		1.0		-1		292673		1.45980846395e-30
1.0		1.0		1.0		-1		292674		1.49150343894e-30
1.0		1.0		1.0		-1		292675		1.45283649379e-30
1.0		1.0		1.0		-1		292676		1.42132978525e-30
1.0		1.0		1.0		-1		292677		1.47543592462e-30
1.0		1.0		1.0		-1		292678		1.52328393688e-30
1.0		1.0		1.0		-1		292679		1.53076162547e-30
1.0		1.0		1.0		-1		292680		1.46835059636e-30
1.0		1.0		1.0		-1		292681		1.49601940274e-30
1.0		1.0		1.0		-1		292682		1.46866393399e-30
1.0		1.0		1.0		-1		292683		1.44942286021e-30
1.0		1.0		1.0		-1		292684		1.50032749728e-30
1.0		1.0		1.0		-1		292685		1.49844018437e-30
1.0		1.0		1.0		-1		292686		1.48138016034e-30
1.0		1.0		1.0		-1		292687		1.53289971164e-30
1.0		1.0		1.0		-1		292688		1.47904851255e-30
1.0		1.0		1.0		-1		292689		1.46329793816e-30
1.0		1.0		1.0		-1		292690		1.43056808422e-30
1.0		1.0		1.0		-1		292691		1.50233925359e-30
1.0		1.0		1.0		-1		292692		1.45931547624e-30
1.0		1.0		1.0		-1		292693		1.44169470835e-30
1.0		1.0		1.0		-1		292694		1.48809430431e-30
1.0		1.0		1.0		-1		292695		1.49447193837e-30
1.0		1.0		1.0		-1		292696		1.50101054046e-30
1.0		1.0		1.0		-1		292697		1.47309734173e-30
1.0		1.0		1.0		-1		292698		1.46184508427e-30
1.0		1.0		1.0		-1		292699		1.51002234185e-30
1.0		1.0		1.0		-1		292700		1.50605888815e-30
1.0		1.0		1.0		-1		292701		1.46609908948e-30
1.0		1.0		1.0		-1		292702		1.47600766596e-30

#***************************************************************************
#
# original cross-section: 1.47303463123e-30
#     scale variation: +4.33% -4.08%
#     central scheme variation: +6.1% - 0%
# PDF variation: +2.23% -2.23%
#
# dynamical scheme # 1 : 1.49772e-30 +4.35% -4.1% # \sum ET
# dynamical scheme # 2 : 1.49771e-30 +4.35% -4.1% # \sum\sqrt{m^2+pt^2}
# dynamical scheme # 3 : 1.56287e-30 +4.39% -4.17% # 0.5 \sum\sqrt{m^2+pt^2}
# dynamical scheme # 4 : 1.47303e-30 +4.33% -4.08% # \sqrt{\hat s}
#***************************************************************************
