 ordering function for particles in classes: pt 
 histograms normalized according to cross section
 Final states contain           4  different particles.
particle #  1:     b1   fits in class # 2
particle #  2:     b2   fits in class # 2
particle #  3:     b3   fits in class # 2
particle #  4:     b4   fits in class # 2
 
 plots set up:
 Weights             
 # b                 
 Ecm                 
 Ht                  
 pt(b1)              
 pt(b2)              
 pt(b3)              
 pt(b4)              
 y(b1)               
 y(b2)               
 y(b3)               
 y(b4)               
 R(b1,b2)            
 m(b1,b2)            
  
 applied cuts:
